<?xml version="1.0" encoding="UTF-8"?>
<testng-results skipped="0" failed="0" ignored="0" total="1" passed="1">
  <reporter-output>
  </reporter-output>
  <suite name="Default suite" duration-ms="4972" started-at="2018-06-11T13:26:01Z" finished-at="2018-06-11T13:26:06Z">
    <groups>
    </groups>
    <test name="Default test" duration-ms="4972" started-at="2018-06-11T13:26:01Z" finished-at="2018-06-11T13:26:06Z">
      <class name="apiRequest.PostRequest">
        <test-method status="PASS" signature="postTest()[pri:0, instance:apiRequest.PostRequest@1593948d]" name="postTest" duration-ms="4863" started-at="2018-06-11T13:26:01Z" finished-at="2018-06-11T13:26:06Z">
          <reporter-output>
          </reporter-output>
        </test-method> <!-- postTest -->
      </class> <!-- apiRequest.PostRequest -->
    </test> <!-- Default test -->
  </suite> <!-- Default suite -->
</testng-results>
